<?xml version="1.0" encoding="UTF-8"?>
<!-- Generated by org.testng.reporters.JUnitReportReporter -->
<testsuite hostname="DESKTOP-PILQA90" name="com.zhuhaibing.baoko.test.JsonHttpClient" tests="1" failures="0" timestamp="3 Sep 2018 08:18:47 GMT" time="1.136" errors="0">
  <testcase name="test1" time="1.136" classname="com.zhuhaibing.baoko.test.JsonHttpClient"/>
</testsuite> <!-- com.zhuhaibing.baoko.test.JsonHttpClient -->
