<?xml version="1.0" encoding="UTF-8"?>
<!-- Generated by org.testng.reporters.JUnitReportReporter -->
<testsuite hostname="DESKTOP-PILQA90" name="com.zhuhaibing.baoko.test.MyCookiesForGet" tests="1" failures="0" timestamp="12 Sep 2018 06:40:48 GMT" time="0.456" errors="0">
  <testcase name="testGetCookies" time="0.456" classname="com.zhuhaibing.baoko.test.MyCookiesForGet"/>
</testsuite> <!-- com.zhuhaibing.baoko.test.MyCookiesForGet -->
